0 info it worked if it ends with ok
1 verbose cli [ '/Users/daikishirakawa/.nvm/versions/node/v5.0.0/bin/node',
1 verbose cli   '/Users/daikishirakawa/.nvm/versions/node/v5.0.0/bin/npm',
1 verbose cli   'version',
1 verbose cli   'patch' ]
2 info using npm@3.3.6
3 info using node@v5.0.0
4 info git [ 'status', '--porcelain' ]
5 verbose stack Error: Git working directory not clean.
5 verbose stack M README.md
5 verbose stack D circle.yml
5 verbose stack D index.js
5 verbose stack D lib/count-all/index.js
5 verbose stack D lib/count/index.js
5 verbose stack D lib/shiromoji/index.js
5 verbose stack D lib/shiromoji/keyword-collecter.js
5 verbose stack D lib/shiromoji/trash-filter.js
5 verbose stack D lib/shiromoji/trash-split-text.js
5 verbose stack D test/count-all.js
5 verbose stack D test/mocha.opts
5 verbose stack D test/page-scraping-shirakwa.js
5 verbose stack D test/page-scraping.js
5 verbose stack D test/test.js
5 verbose stack D test/testdata/results.json
5 verbose stack D test/testdata/sample1.txt
5 verbose stack D test/testdata/sample2.txt
5 verbose stack D test/testdata/sample3.txt
5 verbose stack     at /Users/daikishirakawa/.nvm/versions/node/v5.0.0/lib/node_modules/npm/lib/version.js:172:21
5 verbose stack     at ChildProcess.exithandler (child_process.js:194:7)
5 verbose stack     at emitTwo (events.js:87:13)
5 verbose stack     at ChildProcess.emit (events.js:172:7)
5 verbose stack     at maybeClose (internal/child_process.js:818:16)
5 verbose stack     at Socket.<anonymous> (internal/child_process.js:319:11)
5 verbose stack     at emitOne (events.js:77:13)
5 verbose stack     at Socket.emit (events.js:169:7)
5 verbose stack     at Pipe._onclose (net.js:469:12)
6 verbose cwd /Users/daikishirakawa/Dropbox/htdocs/npm/shiromoji
7 error Darwin 15.4.0
8 error argv "/Users/daikishirakawa/.nvm/versions/node/v5.0.0/bin/node" "/Users/daikishirakawa/.nvm/versions/node/v5.0.0/bin/npm" "version" "patch"
9 error node v5.0.0
10 error npm  v3.3.6
11 error Git working directory not clean.
11 error M README.md
11 error D circle.yml
11 error D index.js
11 error D lib/count-all/index.js
11 error D lib/count/index.js
11 error D lib/shiromoji/index.js
11 error D lib/shiromoji/keyword-collecter.js
11 error D lib/shiromoji/trash-filter.js
11 error D lib/shiromoji/trash-split-text.js
11 error D test/count-all.js
11 error D test/mocha.opts
11 error D test/page-scraping-shirakwa.js
11 error D test/page-scraping.js
11 error D test/test.js
11 error D test/testdata/results.json
11 error D test/testdata/sample1.txt
11 error D test/testdata/sample2.txt
11 error D test/testdata/sample3.txt
12 error If you need help, you may report this error at:
12 error     <https://github.com/npm/npm/issues>
13 verbose exit [ 1, true ]
